0	0.045161
1	0.061290
2	0.077419
3	0.103226
4	0.125806
5	0.145161
6	0.154839
7	0.167742
8	0.180645
9	0.190323
10	0.203226
11	0.216129
12	0.225806
13	0.238710
14	0.248387
15	0.261290
16	0.270968
17	0.283871
18	0.293548
19	0.306452
20	0.316129
21	0.325806
22	0.338710
23	0.348387
24	0.361290
25	0.370968
26	0.380645
27	0.390323
28	0.403226
29	0.412903
30	0.422581
31	0.432258
32	0.445161
33	0.454839
34	0.464516
35	0.474194
36	0.483871
37	0.496774
38	0.506452
39	0.516129
40	0.525806
41	0.535484
42	0.545161
43	0.554839
44	0.564516
45	0.574194
46	0.587097
47	0.593548
48	0.606452
49	0.616129
50	0.622581
51	0.635484
52	0.645161
53	0.654839
54	0.661290
55	0.670968
56	0.680645
57	0.690323
58	0.700000
59	0.709677
60	0.719355
61	0.729032
62	0.738710
63	0.748387
64	0.758065
65	0.764516
66	0.774194
67	0.783871
68	0.793548
69	0.803226
70	0.809677
71	0.819355
72	0.829032
73	0.838710
74	0.848387
75	0.854839
76	0.864516
77	0.874194
78	0.880645
79	0.890323
80	0.900000
81	0.909677
82	0.916129
83	0.925806
84	0.935484
85	0.941935
86	0.951613
87	0.961290
88	0.967742
89	0.977419
90	0.983871
91	0.993548
92	1.000000
93	1.009677
94	1.019355
95	1.025806
96	1.035484
97	1.041935
98	1.051613
99	1.058065
100	1.067742
101	1.074194
102	1.083871
103	1.090323
104	1.100000
105	1.106452
106	1.112903
107	1.122581
108	1.129032
109	1.135484
110	1.145161
111	1.151613
112	1.161290
113	1.167742
114	1.174194
115	1.183871
116	1.190323
117	1.196774
118	1.206452
119	1.212903
120	1.222581
121	1.229032
122	1.235484
123	1.241935
124	1.251613
125	1.258065
126	1.264516
127	1.270968
128	1.280645
129	1.287097
130	1.293548
131	1.303226
132	1.309677
133	1.316129
134	1.322581
135	1.329032
136	1.338710
137	1.341935
138	1.351613
139	1.358065
140	1.364516
141	1.370968
142	1.380645
143	1.387097
144	1.393548
145	1.400000
146	1.406452
147	1.412903
148	1.419355
149	1.425806
150	1.432258
151	1.438710
152	1.445161
153	1.451613
154	1.458065
155	1.467742
156	1.474194
157	1.477419
158	1.483871
159	1.493548
160	1.496774
161	1.506452
162	1.509677
163	1.519355
164	1.522581
165	1.529032
166	1.535484
167	1.541935
168	1.548387
169	1.554839
170	1.561290
171	1.567742
172	1.574194
173	1.580645
174	1.587097
175	1.593548
176	1.600000
177	1.606452
178	1.609677
179	1.616129
180	1.622581
181	1.629032
182	1.635484
183	1.641935
184	1.648387
185	1.651613
186	1.658065
187	1.664516
188	1.670968
189	1.677419
190	1.683871
191	1.690323
192	1.693548
193	1.700000
194	1.703226
195	1.709677
196	1.716129
197	1.722581
198	1.725806
199	1.732258
200	1.738710
201	1.745161
202	1.751613
203	1.754839
204	1.761290
205	1.767742
206	1.770968
207	1.777419
208	1.780645
209	1.787097
210	1.793548
211	1.800000
212	1.806452
213	1.809677
214	1.812903
215	1.819355
216	1.825806
217	1.829032
218	1.835484
219	1.841935
220	1.845161
221	1.851613
222	1.854839
223	1.861290
224	1.864516
225	1.870968
226	1.877419
227	1.880645
228	1.887097
229	1.890323
230	1.896774
231	1.903226
232	1.906452
233	1.909677
234	1.916129
235	1.919355
236	1.925806
237	1.932258
238	1.935484
239	1.941935
240	1.945161
241	1.951613
242	1.954839
243	1.961290
244	1.964516
245	1.970968
246	1.974194
247	1.977419
248	1.983871
249	1.987097
250	1.993548
251	1.996774
252	2.000000
253	2.006452
254	2.012903
255	2.016129
256	2.019355
257	2.022581
258	2.029032
259	2.035484
260	2.038710
261	2.041935
262	2.045161
263	2.051613
264	2.058065
265	2.061290
266	2.064516
267	2.070968
268	2.074194
269	2.077419
270	2.083871
271	2.087097
272	2.093548
273	2.093548
274	2.100000
275	2.103226
276	2.109677
277	2.112903
278	2.116129
279	2.119355
280	2.125806
281	2.129032
282	2.132258
283	2.135484
284	2.141935
285	2.145161
286	2.151613
287	2.154839
288	2.158065
289	2.161290
290	2.164516
291	2.170968
292	2.174194
293	2.177419
294	2.180645
295	2.187097
296	2.190323
297	2.193548
298	2.196774
299	2.200000
300	2.206452
301	2.209677
302	2.212903
303	2.219355
304	2.219355
305	2.225806
306	2.229032
307	2.232258
308	2.235484
309	2.241935
310	2.245161
311	2.245161
312	2.251613
313	2.254839
314	2.258065
315	2.264516
316	2.264516
317	2.270968
318	2.274194
319	2.277419
320	2.280645
321	2.283871
322	2.290323
323	2.293548
324	2.293548
325	2.300000
326	2.303226
327	2.306452
328	2.309677
329	2.312903
330	2.319355
331	2.319355
332	2.325806
333	2.325806
334	2.332258
335	2.332258
336	2.338710
337	2.341935
338	2.345161
339	2.348387
340	2.351613
341	2.354839
342	2.361290
343	2.361290
344	2.367742
345	2.367742
346	2.374194
347	2.374194
348	2.380645
349	2.383871
350	2.383871
351	2.387097
352	2.393548
353	2.396774
354	2.400000
355	2.400000
356	2.403226
357	2.409677
358	2.409677
359	2.412903
360	2.419355
361	2.422581
362	2.425806
363	2.429032
364	2.429032
365	2.432258
366	2.435484
367	2.438710
368	2.441935
369	2.448387
370	2.448387
371	2.451613
372	2.454839
373	2.458065
374	2.461290
375	2.464516
376	2.464516
377	2.470968
378	2.474194
379	2.477419
380	2.477419
381	2.480645
382	2.483871
383	2.487097
384	2.490323
385	2.493548
386	2.496774
387	2.500000
388	2.503226
389	2.503226
390	2.506452
391	2.509677
392	2.512903
393	2.516129
394	2.519355
395	2.522581
396	2.525806
397	2.525806
398	2.529032
399	2.532258
400	2.535484
401	2.538710
402	2.541935
403	2.541935
404	2.548387
405	2.548387
406	2.551613
407	2.554839
408	2.558065
409	2.558065
410	2.564516
411	2.564516
412	2.567742
413	2.567742
414	2.570968
415	2.574194
416	2.577419
417	2.580645
418	2.583871
419	2.583871
420	2.587097
421	2.590323
422	2.590323
423	2.593548
424	2.600000
425	2.600000
426	2.603226
427	2.603226
428	2.606452
429	2.609677
430	2.612903
431	2.616129
432	2.616129
433	2.619355
434	2.622581
435	2.625806
436	2.625806
437	2.629032
438	2.632258
439	2.632258
440	2.638710
441	2.638710
442	2.641935
443	2.645161
444	2.645161
445	2.648387
446	2.651613
447	2.651613
448	2.658065
449	2.658065
450	2.661290
451	2.661290
452	2.664516
453	2.664516
454	2.670968
455	2.670968
456	2.670968
457	2.674194
458	2.677419
459	2.680645
460	2.680645
461	2.683871
462	2.683871
463	2.687097
464	2.690323
465	2.690323
466	2.693548
467	2.696774
468	2.700000
469	2.703226
470	2.703226
471	2.706452
472	2.706452
473	2.709677
474	2.709677
475	2.712903
476	2.716129
477	2.719355
478	2.722581
479	2.722581
480	2.722581
481	2.729032
482	2.729032
483	2.732258
484	2.732258
485	2.732258
486	2.735484
487	2.738710
488	2.738710
489	2.741935
490	2.745161
491	2.748387
492	2.748387
493	2.751613
494	2.754839
495	2.754839
496	2.754839
497	2.758065
498	2.761290
499	2.761290
500	2.761290
501	2.767742
502	2.767742
503	2.767742
504	2.770968
505	2.774194
506	2.774194
507	2.777419
508	2.780645
509	2.780645
510	2.783871
511	2.783871
512	2.787097
513	2.787097
514	2.790323
515	2.790323
516	2.793548
517	2.793548
518	2.796774
519	2.800000
520	2.800000
521	2.800000
522	2.803226
523	2.806452
524	2.809677
525	2.809677
526	2.809677
527	2.812903
528	2.816129
529	2.816129
530	2.819355
531	2.819355
532	2.819355
533	2.822581
534	2.825806
535	2.825806
536	2.825806
537	2.829032
538	2.832258
539	2.832258
540	2.835484
541	2.835484
542	2.838710
543	2.838710
544	2.841935
545	2.841935
546	2.841935
547	2.845161
548	2.848387
549	2.848387
550	2.848387
551	2.851613
552	2.854839
553	2.858065
554	2.854839
555	2.858065
556	2.861290
557	2.861290
558	2.861290
559	2.864516
560	2.864516
561	2.867742
562	2.870968
563	2.870968
564	2.874194
565	2.874194
566	2.877419
567	2.877419
568	2.877419
569	2.877419
570	2.880645
571	2.880645
572	2.883871
573	2.883871
574	2.883871
575	2.887097
576	2.890323
577	2.890323
578	2.893548
579	2.893548
580	2.896774
581	2.896774
582	2.896774
583	2.900000
584	2.900000
585	2.900000
586	2.903226
587	2.903226
588	2.906452
589	2.909677
590	2.909677
591	2.909677
592	2.912903
593	2.912903
594	2.916129
595	2.916129
596	2.919355
597	2.919355
598	2.919355
599	2.919355
600	2.922581
601	2.925806
602	2.925806
603	2.925806
604	2.929032
605	2.929032
606	2.932258
607	2.932258
608	2.932258
609	2.935484
610	2.938710
611	2.938710
612	2.938710
613	2.938710
614	2.941935
615	2.941935
616	2.941935
617	2.945161
618	2.945161
619	2.948387
620	2.948387
621	2.948387
622	2.951613
623	2.951613
624	2.954839
625	2.954839
626	2.954839
627	2.958065
628	2.958065
629	2.958065
630	2.961290
631	2.961290
632	2.964516
633	2.964516
634	2.967742
635	2.967742
636	2.967742
637	2.970968
638	2.967742
639	2.967742
640	2.974194
641	2.974194
642	2.974194
643	2.977419
644	2.980645
645	2.977419
646	2.977419
647	2.980645
648	2.980645
649	2.980645
650	2.983871
651	2.987097
652	2.987097
653	2.987097
654	2.987097
655	2.990323
656	2.990323
657	2.993548
658	2.993548
659	2.993548
660	2.993548
661	2.993548
662	2.996774
663	3.000000
664	3.000000
665	3.000000
666	3.003226
667	3.003226
668	3.003226
669	3.003226
670	3.006452
671	3.006452
672	3.006452
673	3.009677
674	3.009677
675	3.012903
676	3.012903
677	3.012903
678	3.012903
679	3.016129
680	3.016129
681	3.016129
682	3.019355
683	3.016129
684	3.019355
685	3.019355
686	3.019355
687	3.022581
688	3.022581
689	3.022581
690	3.025806
691	3.029032
692	3.025806
693	3.029032
694	3.032258
695	3.029032
696	3.032258
697	3.032258
698	3.035484
699	3.032258
700	3.035484
701	3.035484
702	3.038710
703	3.038710
704	3.041935
705	3.038710
706	3.041935
707	3.041935
708	3.041935
709	3.045161
710	3.045161
711	3.045161
712	3.048387
713	3.045161
714	3.048387
715	3.048387
716	3.048387
717	3.051613
718	3.051613
719	3.051613
720	3.051613
721	3.051613
722	3.054839
723	3.054839
724	3.054839
725	3.058065
726	3.058065
727	3.058065
728	3.061290
729	3.058065
730	3.061290
731	3.061290
732	3.067742
733	3.067742
734	3.064516
735	3.064516
736	3.067742
737	3.064516
738	3.067742
739	3.070968
740	3.070968
741	3.070968
742	3.070968
743	3.070968
744	3.070968
745	3.074194
746	3.074194
747	3.074194
748	3.074194
749	3.077419
750	3.077419
751	3.080645
752	3.080645
753	3.080645
754	3.080645
755	3.083871
756	3.083871
757	3.083871
758	3.083871
759	3.083871
760	3.083871
761	3.087097
762	3.087097
763	3.087097
764	3.090323
765	3.087097
766	3.090323
767	3.090323
768	3.093548
769	3.090323
770	3.093548
771	3.093548
772	3.093548
773	3.093548
774	3.096774
775	3.096774
776	3.096774
777	3.096774
778	3.096774
779	3.100000
780	3.100000
781	3.100000
782	3.100000
783	3.100000
784	3.103226
785	3.103226
786	3.103226
787	3.103226
788	3.106452
789	3.106452
790	3.106452
791	3.106452
792	3.106452
793	3.106452
794	3.109677
795	3.109677
796	3.109677
797	3.109677
798	3.112903
799	3.109677
800	3.112903
801	3.116129
802	3.112903
803	3.116129
804	3.116129
805	3.119355
806	3.116129
807	3.116129
808	3.119355
809	3.119355
810	3.119355
811	3.119355
812	3.119355
813	3.122581
814	3.122581
815	3.122581
816	3.122581
817	3.122581
818	3.122581
819	3.125806
820	3.125806
821	3.125806
822	3.125806
823	3.129032
824	3.129032
825	3.125806
826	3.132258
827	3.132258
828	3.129032
829	3.132258
830	3.132258
831	3.132258
832	3.132258
833	3.135484
834	3.135484
835	3.135484
836	3.135484
837	3.135484
838	3.135484
839	3.135484
840	3.135484
841	3.135484
842	3.141935
843	3.141935
844	3.141935
845	3.141935
846	3.141935
847	3.141935
848	3.141935
849	3.141935
850	3.145161
851	3.145161
852	3.145161
853	3.145161
854	3.145161
855	3.145161
856	3.148387
857	3.148387
858	3.145161
859	3.148387
860	3.151613
861	3.148387
862	3.148387
863	3.151613
864	3.151613
865	3.151613
866	3.151613
867	3.151613
868	3.151613
869	3.151613
870	3.151613
871	3.154839
872	3.154839
873	3.158065
874	3.158065
875	3.158065
876	3.158065
877	3.158065
878	3.158065
879	3.158065
880	3.158065
881	3.158065
882	3.161290
883	3.158065
884	3.161290
885	3.161290
886	3.161290
887	3.161290
888	3.164516
889	3.164516
890	3.164516
891	3.164516
892	3.164516
893	3.164516
894	3.167742
895	3.167742
896	3.164516
897	3.167742
898	3.167742
899	3.167742
900	3.167742
901	3.167742
902	3.167742
903	3.170968
904	3.167742
905	3.174194
906	3.170968
907	3.174194
908	3.174194
909	3.174194
910	3.174194
911	3.174194
912	3.174194
913	3.174194
914	3.174194
915	3.174194
916	3.177419
917	3.174194
918	3.174194
919	3.177419
920	3.177419
921	3.177419
922	3.180645
923	3.177419
924	3.177419
925	3.177419
926	3.180645
927	3.180645
928	3.183871
929	3.183871
930	3.180645
931	3.183871
932	3.183871
933	3.187097
934	3.187097
935	3.187097
936	3.183871
937	3.183871
938	3.187097
939	3.187097
940	3.183871
941	3.187097
942	3.187097
943	3.187097
944	3.187097
945	3.187097
946	3.190323
947	3.187097
948	3.187097
949	3.190323
950	3.190323
951	3.190323
952	3.190323
953	3.187097
954	3.193548
955	3.193548
956	3.193548
957	3.193548
958	3.193548
959	3.193548
960	3.193548
961	3.193548
962	3.193548
963	3.196774
964	3.196774
965	3.196774
966	3.196774
967	3.196774
968	3.196774
969	3.196774
970	3.200000
971	3.200000
972	3.200000
973	3.200000
974	3.200000
975	3.200000
976	3.200000
977	3.200000
978	3.200000
979	3.203226
980	3.200000
981	3.200000
982	3.203226
983	3.203226
984	3.203226
985	3.203226
986	3.206452
987	3.206452
988	3.203226
989	3.206452
990	3.206452
991	3.206452
992	3.206452
993	3.206452
994	3.206452
995	3.203226
996	3.209677
997	3.206452
998	3.209677
999	3.209677
1000	3.209677
1001	3.209677
1002	3.209677
1003	3.209677
1004	3.209677
1005	3.209677
1006	3.209677
1007	3.209677
1008	3.212903
1009	3.212903
1010	3.212903
1011	3.209677
1012	3.212903
1013	3.212903
1014	3.212903
1015	3.212903
1016	3.212903
1017	3.212903
1018	3.212903
1019	3.212903
1020	3.216129
1021	3.212903
1022	3.216129
1023	3.219355
