0	3.200000
1	3.187097
2	3.174194
3	3.161290
4	3.145161
5	3.129032
6	3.109677
7	3.096774
8	3.083871
9	3.070968
10	3.061290
11	3.051613
12	3.038710
13	3.025806
14	3.012903
15	3.003226
16	2.993548
17	2.980645
18	2.970968
19	2.958065
20	2.948387
21	2.938710
22	2.925806
23	2.912903
24	2.903226
25	2.890323
26	2.883871
27	2.870968
28	2.861290
29	2.848387
30	2.838710
31	2.829032
32	2.816129
33	2.806452
34	2.796774
35	2.787097
36	2.777419
37	2.767742
38	2.758065
39	2.745161
40	2.735484
41	2.725806
42	2.716129
43	2.706452
44	2.693548
45	2.683871
46	2.677419
47	2.664516
48	2.658065
49	2.645161
50	2.635484
51	2.629032
52	2.619355
53	2.606452
54	2.600000
55	2.587097
56	2.577419
57	2.570968
58	2.558065
59	2.551613
60	2.538710
61	2.529032
62	2.522581
63	2.512903
64	2.503226
65	2.496774
66	2.487097
67	2.477419
68	2.467742
69	2.458065
70	2.448387
71	2.441935
72	2.432258
73	2.422581
74	2.412903
75	2.403226
76	2.396774
77	2.387097
78	2.377419
79	2.370968
80	2.361290
81	2.351613
82	2.341935
83	2.335484
84	2.325806
85	2.319355
86	2.309677
87	2.300000
88	2.293548
89	2.283871
90	2.274194
91	2.267742
92	2.258065
93	2.251613
94	2.241935
95	2.235484
96	2.225806
97	2.219355
98	2.209677
99	2.200000
100	2.193548
101	2.183871
102	2.177419
103	2.167742
104	2.161290
105	2.154839
106	2.145161
107	2.138710
108	2.129032
109	2.122581
110	2.112903
111	2.106452
112	2.100000
113	2.090323
114	2.083871
115	2.077419
116	2.067742
117	2.061290
118	2.051613
119	2.045161
120	2.038710
121	2.029032
122	2.025806
123	2.016129
124	2.009677
125	2.003226
126	1.996774
127	1.987097
128	1.980645
129	1.974194
130	1.964516
131	1.958065
132	1.951613
133	1.945161
134	1.935484
135	1.929032
136	1.922581
137	1.916129
138	1.909677
139	1.903226
140	1.893548
141	1.890323
142	1.880645
143	1.874194
144	1.867742
145	1.861290
146	1.854839
147	1.848387
148	1.841935
149	1.835484
150	1.829032
151	1.819355
152	1.816129
153	1.806452
154	1.800000
155	1.793548
156	1.787097
157	1.780645
158	1.774194
159	1.767742
160	1.764516
161	1.754839
162	1.748387
163	1.741935
164	1.735484
165	1.732258
166	1.725806
167	1.719355
168	1.712903
169	1.706452
170	1.700000
171	1.693548
172	1.687097
173	1.680645
174	1.674194
175	1.667742
176	1.661290
177	1.654839
178	1.648387
179	1.641935
180	1.635484
181	1.629032
182	1.625806
183	1.619355
184	1.612903
185	1.606452
186	1.600000
187	1.596774
188	1.590323
189	1.583871
190	1.577419
191	1.570968
192	1.564516
193	1.561290
194	1.554839
195	1.548387
196	1.545161
197	1.538710
198	1.532258
199	1.525806
200	1.519355
201	1.516129
202	1.509677
203	1.503226
204	1.496774
205	1.493548
206	1.487097
207	1.483871
208	1.477419
209	1.470968
210	1.464516
211	1.461290
212	1.454839
213	1.451613
214	1.445161
215	1.438710
216	1.432258
217	1.429032
218	1.422581
219	1.419355
220	1.412903
221	1.406452
222	1.403226
223	1.396774
224	1.393548
225	1.387097
226	1.380645
227	1.377419
228	1.370968
229	1.364516
230	1.361290
231	1.358065
232	1.351613
233	1.348387
234	1.341935
235	1.338710
236	1.332258
237	1.325806
238	1.322581
239	1.319355
240	1.312903
241	1.309677
242	1.303226
243	1.300000
244	1.293548
245	1.290323
246	1.283871
247	1.280645
248	1.274194
249	1.270968
250	1.264516
251	1.261290
252	1.258065
253	1.251613
254	1.248387
255	1.241935
256	1.238710
257	1.235484
258	1.229032
259	1.225806
260	1.219355
261	1.216129
262	1.212903
263	1.206452
264	1.203226
265	1.200000
266	1.193548
267	1.190323
268	1.187097
269	1.180645
270	1.177419
271	1.174194
272	1.167742
273	1.164516
274	1.161290
275	1.154839
276	1.151613
277	1.148387
278	1.145161
279	1.138710
280	1.135484
281	1.129032
282	1.125806
283	1.122581
284	1.119355
285	1.116129
286	1.109677
287	1.106452
288	1.103226
289	1.100000
290	1.093548
291	1.090323
292	1.087097
293	1.083871
294	1.077419
295	1.074194
296	1.070968
297	1.067742
298	1.064516
299	1.058065
300	1.054839
301	1.051613
302	1.048387
303	1.045161
304	1.041935
305	1.035484
306	1.032258
307	1.029032
308	1.025806
309	1.022581
310	1.019355
311	1.016129
312	1.012903
313	1.006452
314	1.003226
315	1.000000
316	0.996774
317	0.993548
318	0.990323
319	0.987097
320	0.983871
321	0.980645
322	0.974194
323	0.970968
324	0.967742
325	0.964516
326	0.961290
327	0.958065
328	0.954839
329	0.951613
330	0.948387
331	0.945161
332	0.938710
333	0.938710
334	0.932258
335	0.929032
336	0.925806
337	0.922581
338	0.919355
339	0.916129
340	0.912903
341	0.909677
342	0.906452
343	0.903226
344	0.900000
345	0.896774
346	0.893548
347	0.890323
348	0.887097
349	0.883871
350	0.880645
351	0.877419
352	0.874194
353	0.870968
354	0.867742
355	0.864516
356	0.861290
357	0.858065
358	0.854839
359	0.851613
360	0.848387
361	0.845161
362	0.845161
363	0.841935
364	0.838710
365	0.835484
366	0.832258
367	0.829032
368	0.825806
369	0.822581
370	0.819355
371	0.816129
372	0.812903
373	0.809677
374	0.806452
375	0.803226
376	0.803226
377	0.800000
378	0.796774
379	0.793548
380	0.790323
381	0.787097
382	0.783871
383	0.780645
384	0.777419
385	0.777419
386	0.774194
387	0.770968
388	0.767742
389	0.764516
390	0.761290
391	0.758065
392	0.758065
393	0.754839
394	0.751613
395	0.748387
396	0.745161
397	0.741935
398	0.741935
399	0.738710
400	0.735484
401	0.732258
402	0.729032
403	0.725806
404	0.725806
405	0.722581
406	0.719355
407	0.716129
408	0.716129
409	0.712903
410	0.709677
411	0.706452
412	0.703226
413	0.700000
414	0.700000
415	0.696774
416	0.693548
417	0.693548
418	0.690323
419	0.687097
420	0.683871
421	0.680645
422	0.680645
423	0.677419
424	0.674194
425	0.670968
426	0.670968
427	0.667742
428	0.664516
429	0.661290
430	0.661290
431	0.658065
432	0.654839
433	0.651613
434	0.651613
435	0.648387
436	0.645161
437	0.641935
438	0.641935
439	0.638710
440	0.635484
441	0.635484
442	0.632258
443	0.629032
444	0.629032
445	0.625806
446	0.622581
447	0.622581
448	0.619355
449	0.616129
450	0.616129
451	0.612903
452	0.609677
453	0.606452
454	0.606452
455	0.603226
456	0.600000
457	0.600000
458	0.596774
459	0.596774
460	0.593548
461	0.590323
462	0.590323
463	0.587097
464	0.583871
465	0.583871
466	0.580645
467	0.577419
468	0.577419
469	0.574194
470	0.570968
471	0.570968
472	0.567742
473	0.567742
474	0.564516
475	0.561290
476	0.561290
477	0.558065
478	0.554839
479	0.554839
480	0.551613
481	0.551613
482	0.548387
483	0.545161
484	0.545161
485	0.541935
486	0.541935
487	0.538710
488	0.538710
489	0.535484
490	0.532258
491	0.532258
492	0.529032
493	0.529032
494	0.525806
495	0.522581
496	0.522581
497	0.519355
498	0.519355
499	0.516129
500	0.516129
501	0.512903
502	0.509677
503	0.509677
504	0.506452
505	0.506452
506	0.503226
507	0.503226
508	0.500000
509	0.496774
510	0.496774
511	0.493548
512	0.493548
513	0.490323
514	0.490323
515	0.487097
516	0.487097
517	0.483871
518	0.483871
519	0.480645
520	0.480645
521	0.477419
522	0.477419
523	0.474194
524	0.474194
525	0.470968
526	0.470968
527	0.467742
528	0.467742
529	0.464516
530	0.464516
531	0.461290
532	0.461290
533	0.458065
534	0.458065
535	0.454839
536	0.454839
537	0.451613
538	0.451613
539	0.448387
540	0.448387
541	0.445161
542	0.445161
543	0.441935
544	0.441935
545	0.438710
546	0.438710
547	0.435484
548	0.435484
549	0.435484
550	0.432258
551	0.432258
552	0.429032
553	0.429032
554	0.425806
555	0.425806
556	0.422581
557	0.422581
558	0.419355
559	0.419355
560	0.416129
561	0.416129
562	0.416129
563	0.412903
564	0.412903
565	0.409677
566	0.409677
567	0.406452
568	0.406452
569	0.403226
570	0.403226
571	0.403226
572	0.400000
573	0.400000
574	0.396774
575	0.396774
576	0.393548
577	0.393548
578	0.393548
579	0.390323
580	0.390323
581	0.387097
582	0.387097
583	0.383871
584	0.383871
585	0.383871
586	0.380645
587	0.380645
588	0.377419
589	0.377419
590	0.377419
591	0.374194
592	0.374194
593	0.370968
594	0.370968
595	0.370968
596	0.367742
597	0.367742
598	0.364516
599	0.364516
600	0.364516
601	0.361290
602	0.361290
603	0.358065
604	0.358065
605	0.358065
606	0.354839
607	0.354839
608	0.351613
609	0.351613
610	0.351613
611	0.348387
612	0.348387
613	0.348387
614	0.345161
615	0.345161
616	0.341935
617	0.341935
618	0.341935
619	0.338710
620	0.338710
621	0.338710
622	0.335484
623	0.335484
624	0.335484
625	0.332258
626	0.332258
627	0.329032
628	0.329032
629	0.329032
630	0.325806
631	0.325806
632	0.325806
633	0.322581
634	0.322581
635	0.322581
636	0.319355
637	0.319355
638	0.319355
639	0.316129
640	0.316129
641	0.316129
642	0.312903
643	0.312903
644	0.312903
645	0.309677
646	0.309677
647	0.309677
648	0.306452
649	0.306452
650	0.306452
651	0.303226
652	0.303226
653	0.303226
654	0.300000
655	0.300000
656	0.300000
657	0.296774
658	0.296774
659	0.296774
660	0.293548
661	0.293548
662	0.293548
663	0.290323
664	0.290323
665	0.290323
666	0.290323
667	0.287097
668	0.287097
669	0.287097
670	0.283871
671	0.283871
672	0.283871
673	0.280645
674	0.280645
675	0.280645
676	0.277419
677	0.277419
678	0.277419
679	0.277419
680	0.274194
681	0.274194
682	0.274194
683	0.274194
684	0.270968
685	0.270968
686	0.270968
687	0.267742
688	0.267742
689	0.267742
690	0.264516
691	0.264516
692	0.264516
693	0.264516
694	0.261290
695	0.261290
696	0.261290
697	0.261290
698	0.258065
699	0.258065
700	0.258065
701	0.254839
702	0.254839
703	0.254839
704	0.254839
705	0.251613
706	0.251613
707	0.251613
708	0.248387
709	0.248387
710	0.248387
711	0.248387
712	0.245161
713	0.245161
714	0.245161
715	0.245161
716	0.241935
717	0.241935
718	0.241935
719	0.241935
720	0.238710
721	0.238710
722	0.238710
723	0.238710
724	0.235484
725	0.235484
726	0.235484
727	0.235484
728	0.232258
729	0.232258
730	0.232258
731	0.232258
732	0.229032
733	0.229032
734	0.229032
735	0.229032
736	0.225806
737	0.225806
738	0.225806
739	0.225806
740	0.225806
741	0.222581
742	0.222581
743	0.222581
744	0.222581
745	0.219355
746	0.219355
747	0.219355
748	0.219355
749	0.216129
750	0.216129
751	0.216129
752	0.216129
753	0.216129
754	0.212903
755	0.212903
756	0.212903
757	0.212903
758	0.209677
759	0.209677
760	0.209677
761	0.209677
762	0.209677
763	0.206452
764	0.206452
765	0.206452
766	0.206452
767	0.203226
768	0.203226
769	0.203226
770	0.203226
771	0.203226
772	0.200000
773	0.200000
774	0.200000
775	0.200000
776	0.196774
777	0.196774
778	0.196774
779	0.196774
780	0.196774
781	0.196774
782	0.193548
783	0.193548
784	0.193548
785	0.193548
786	0.190323
787	0.190323
788	0.190323
789	0.190323
790	0.190323
791	0.187097
792	0.187097
793	0.187097
794	0.187097
795	0.187097
796	0.187097
797	0.183871
798	0.183871
799	0.183871
800	0.183871
801	0.183871
802	0.180645
803	0.180645
804	0.180645
805	0.180645
806	0.180645
807	0.177419
808	0.177419
809	0.177419
810	0.177419
811	0.177419
812	0.174194
813	0.174194
814	0.174194
815	0.174194
816	0.174194
817	0.174194
818	0.170968
819	0.170968
820	0.170968
821	0.170968
822	0.170968
823	0.170968
824	0.167742
825	0.167742
826	0.167742
827	0.167742
828	0.167742
829	0.164516
830	0.164516
831	0.164516
832	0.164516
833	0.164516
834	0.164516
835	0.161290
836	0.161290
837	0.161290
838	0.161290
839	0.161290
840	0.161290
841	0.158065
842	0.158065
843	0.158065
844	0.158065
845	0.158065
846	0.158065
847	0.154839
848	0.154839
849	0.154839
850	0.154839
851	0.154839
852	0.154839
853	0.151613
854	0.151613
855	0.151613
856	0.151613
857	0.151613
858	0.151613
859	0.151613
860	0.148387
861	0.148387
862	0.148387
863	0.148387
864	0.148387
865	0.148387
866	0.145161
867	0.145161
868	0.145161
869	0.145161
870	0.145161
871	0.145161
872	0.145161
873	0.141935
874	0.141935
875	0.141935
876	0.141935
877	0.141935
878	0.141935
879	0.141935
880	0.138710
881	0.138710
882	0.138710
883	0.138710
884	0.138710
885	0.138710
886	0.138710
887	0.135484
888	0.135484
889	0.135484
890	0.135484
891	0.135484
892	0.135484
893	0.135484
894	0.132258
895	0.132258
896	0.132258
897	0.132258
898	0.132258
899	0.132258
900	0.132258
901	0.132258
902	0.129032
903	0.129032
904	0.129032
905	0.129032
906	0.129032
907	0.129032
908	0.129032
909	0.125806
910	0.125806
911	0.125806
912	0.125806
913	0.125806
914	0.125806
915	0.125806
916	0.125806
917	0.122581
918	0.122581
919	0.122581
920	0.122581
921	0.122581
922	0.122581
923	0.122581
924	0.122581
925	0.119355
926	0.119355
927	0.119355
928	0.119355
929	0.119355
930	0.119355
931	0.119355
932	0.119355
933	0.119355
934	0.116129
935	0.116129
936	0.116129
937	0.116129
938	0.116129
939	0.116129
940	0.116129
941	0.116129
942	0.112903
943	0.112903
944	0.112903
945	0.112903
946	0.112903
947	0.112903
948	0.112903
949	0.112903
950	0.112903
951	0.109677
952	0.109677
953	0.109677
954	0.109677
955	0.109677
956	0.109677
957	0.109677
958	0.109677
959	0.109677
960	0.106452
961	0.106452
962	0.106452
963	0.106452
964	0.106452
965	0.106452
966	0.106452
967	0.106452
968	0.106452
969	0.103226
970	0.103226
971	0.103226
972	0.103226
973	0.103226
974	0.103226
975	0.103226
976	0.103226
977	0.103226
978	0.103226
979	0.100000
980	0.100000
981	0.100000
982	0.100000
983	0.100000
984	0.100000
985	0.100000
986	0.100000
987	0.100000
988	0.096774
989	0.096774
990	0.096774
991	0.096774
992	0.096774
993	0.096774
994	0.096774
995	0.096774
996	0.096774
997	0.096774
998	0.093548
999	0.093548
1000	0.093548
1001	0.093548
1002	0.093548
1003	0.093548
1004	0.093548
1005	0.093548
1006	0.093548
1007	0.093548
1008	0.093548
1009	0.093548
1010	0.090323
1011	0.090323
1012	0.090323
1013	0.090323
1014	0.090323
1015	0.090323
1016	0.090323
1017	0.090323
1018	0.090323
1019	0.090323
1020	0.087097
1021	0.087097
1022	0.087097
1023	0.087097
