0	-0.003200
1	-0.003180
2	-0.003161
3	-0.003141
4	-0.003119
5	-0.003096
6	-0.003070
7	-0.003051
8	-0.003032
9	-0.003013
10	-0.002997
11	-0.002981
12	-0.002962
13	-0.002943
14	-0.002924
15	-0.002909
16	-0.002893
17	-0.002875
18	-0.002859
19	-0.002841
20	-0.002826
21	-0.002810
22	-0.002792
23	-0.002774
24	-0.002759
25	-0.002741
26	-0.002729
27	-0.002711
28	-0.002696
29	-0.002678
30	-0.002663
31	-0.002648
32	-0.002631
33	-0.002616
34	-0.002602
35	-0.002587
36	-0.002573
37	-0.002558
38	-0.002544
39	-0.002527
40	-0.002512
41	-0.002498
42	-0.002484
43	-0.002470
44	-0.002453
45	-0.002439
46	-0.002428
47	-0.002411
48	-0.002400
49	-0.002383
50	-0.002370
51	-0.002359
52	-0.002345
53	-0.002328
54	-0.002318
55	-0.002301
56	-0.002288
57	-0.002277
58	-0.002261
59	-0.002251
60	-0.002234
61	-0.002221
62	-0.002211
63	-0.002198
64	-0.002185
65	-0.002174
66	-0.002161
67	-0.002148
68	-0.002135
69	-0.002122
70	-0.002110
71	-0.002100
72	-0.002087
73	-0.002074
74	-0.002061
75	-0.002049
76	-0.002039
77	-0.002026
78	-0.002014
79	-0.002004
80	-0.001992
81	-0.001979
82	-0.001967
83	-0.001957
84	-0.001945
85	-0.001936
86	-0.001923
87	-0.001911
88	-0.001902
89	-0.001890
90	-0.001878
91	-0.001869
92	-0.001857
93	-0.001847
94	-0.001836
95	-0.001826
96	-0.001815
97	-0.001805
98	-0.001794
99	-0.001782
100	-0.001773
101	-0.001762
102	-0.001753
103	-0.001741
104	-0.001732
105	-0.001723
106	-0.001712
107	-0.001703
108	-0.001692
109	-0.001683
110	-0.001672
111	-0.001663
112	-0.001655
113	-0.001644
114	-0.001635
115	-0.001627
116	-0.001616
117	-0.001607
118	-0.001596
119	-0.001588
120	-0.001579
121	-0.001568
122	-0.001563
123	-0.001552
124	-0.001544
125	-0.001535
126	-0.001527
127	-0.001517
128	-0.001508
129	-0.001500
130	-0.001490
131	-0.001482
132	-0.001474
133	-0.001466
134	-0.001455
135	-0.001447
136	-0.001440
137	-0.001432
138	-0.001424
139	-0.001416
140	-0.001406
141	-0.001400
142	-0.001390
143	-0.001383
144	-0.001375
145	-0.001367
146	-0.001360
147	-0.001352
148	-0.001344
149	-0.001337
150	-0.001329
151	-0.001319
152	-0.001314
153	-0.001305
154	-0.001297
155	-0.001290
156	-0.001282
157	-0.001275
158	-0.001268
159	-0.001260
160	-0.001255
161	-0.001246
162	-0.001239
163	-0.001231
164	-0.001224
165	-0.001219
166	-0.001212
167	-0.001205
168	-0.001198
169	-0.001191
170	-0.001184
171	-0.001177
172	-0.001170
173	-0.001163
174	-0.001156
175	-0.001149
176	-0.001142
177	-0.001136
178	-0.001129
179	-0.001122
180	-0.001115
181	-0.001108
182	-0.001104
183	-0.001097
184	-0.001090
185	-0.001084
186	-0.001077
187	-0.001073
188	-0.001066
189	-0.001059
190	-0.001053
191	-0.001046
192	-0.001040
193	-0.001035
194	-0.001029
195	-0.001023
196	-0.001018
197	-0.001012
198	-0.001005
199	-0.000999
200	-0.000993
201	-0.000989
202	-0.000982
203	-0.000976
204	-0.000970
205	-0.000966
206	-0.000959
207	-0.000955
208	-0.000949
209	-0.000943
210	-0.000937
211	-0.000933
212	-0.000927
213	-0.000923
214	-0.000917
215	-0.000911
216	-0.000905
217	-0.000901
218	-0.000895
219	-0.000891
220	-0.000885
221	-0.000879
222	-0.000875
223	-0.000869
224	-0.000865
225	-0.000859
226	-0.000854
227	-0.000850
228	-0.000844
229	-0.000838
230	-0.000834
231	-0.000831
232	-0.000825
233	-0.000821
234	-0.000816
235	-0.000812
236	-0.000806
237	-0.000801
238	-0.000797
239	-0.000793
240	-0.000788
241	-0.000784
242	-0.000779
243	-0.000775
244	-0.000770
245	-0.000766
246	-0.000761
247	-0.000757
248	-0.000752
249	-0.000748
250	-0.000743
251	-0.000739
252	-0.000736
253	-0.000731
254	-0.000727
255	-0.000722
256	-0.000718
257	-0.000715
258	-0.000710
259	-0.000706
260	-0.000701
261	-0.000698
262	-0.000695
263	-0.000689
264	-0.000686
265	-0.000683
266	-0.000678
267	-0.000674
268	-0.000671
269	-0.000666
270	-0.000663
271	-0.000660
272	-0.000655
273	-0.000651
274	-0.000648
275	-0.000643
276	-0.000640
277	-0.000637
278	-0.000634
279	-0.000629
280	-0.000626
281	-0.000621
282	-0.000618
283	-0.000615
284	-0.000612
285	-0.000609
286	-0.000604
287	-0.000601
288	-0.000598
289	-0.000595
290	-0.000590
291	-0.000587
292	-0.000584
293	-0.000581
294	-0.000576
295	-0.000573
296	-0.000571
297	-0.000568
298	-0.000565
299	-0.000560
300	-0.000557
301	-0.000554
302	-0.000551
303	-0.000549
304	-0.000546
305	-0.000541
306	-0.000538
307	-0.000535
308	-0.000533
309	-0.000530
310	-0.000527
311	-0.000524
312	-0.000522
313	-0.000517
314	-0.000514
315	-0.000512
316	-0.000509
317	-0.000506
318	-0.000503
319	-0.000501
320	-0.000498
321	-0.000495
322	-0.000491
323	-0.000488
324	-0.000486
325	-0.000483
326	-0.000480
327	-0.000478
328	-0.000475
329	-0.000473
330	-0.000470
331	-0.000467
332	-0.000463
333	-0.000462
334	-0.000458
335	-0.000455
336	-0.000453
337	-0.000450
338	-0.000448
339	-0.000445
340	-0.000443
341	-0.000440
342	-0.000438
343	-0.000435
344	-0.000433
345	-0.000430
346	-0.000428
347	-0.000426
348	-0.000423
349	-0.000421
350	-0.000418
351	-0.000416
352	-0.000413
353	-0.000411
354	-0.000409
355	-0.000406
356	-0.000404
357	-0.000401
358	-0.000399
359	-0.000397
360	-0.000394
361	-0.000392
362	-0.000391
363	-0.000389
364	-0.000387
365	-0.000384
366	-0.000382
367	-0.000380
368	-0.000377
369	-0.000375
370	-0.000373
371	-0.000371
372	-0.000368
373	-0.000366
374	-0.000364
375	-0.000362
376	-0.000361
377	-0.000359
378	-0.000356
379	-0.000354
380	-0.000352
381	-0.000350
382	-0.000348
383	-0.000346
384	-0.000343
385	-0.000343
386	-0.000341
387	-0.000338
388	-0.000336
389	-0.000334
390	-0.000332
391	-0.000330
392	-0.000329
393	-0.000327
394	-0.000325
395	-0.000323
396	-0.000321
397	-0.000319
398	-0.000318
399	-0.000316
400	-0.000314
401	-0.000312
402	-0.000310
403	-0.000308
404	-0.000307
405	-0.000305
406	-0.000303
407	-0.000301
408	-0.000301
409	-0.000299
410	-0.000297
411	-0.000295
412	-0.000293
413	-0.000291
414	-0.000290
415	-0.000288
416	-0.000286
417	-0.000286
418	-0.000284
419	-0.000282
420	-0.000280
421	-0.000278
422	-0.000277
423	-0.000275
424	-0.000274
425	-0.000272
426	-0.000271
427	-0.000269
428	-0.000267
429	-0.000265
430	-0.000265
431	-0.000263
432	-0.000261
433	-0.000259
434	-0.000259
435	-0.000257
436	-0.000255
437	-0.000253
438	-0.000253
439	-0.000251
440	-0.000249
441	-0.000249
442	-0.000247
443	-0.000245
444	-0.000245
445	-0.000243
446	-0.000241
447	-0.000241
448	-0.000239
449	-0.000237
450	-0.000237
451	-0.000235
452	-0.000233
453	-0.000231
454	-0.000231
455	-0.000229
456	-0.000227
457	-0.000227
458	-0.000225
459	-0.000225
460	-0.000223
461	-0.000221
462	-0.000221
463	-0.000219
464	-0.000218
465	-0.000217
466	-0.000215
467	-0.000214
468	-0.000213
469	-0.000212
470	-0.000210
471	-0.000210
472	-0.000208
473	-0.000208
474	-0.000206
475	-0.000204
476	-0.000204
477	-0.000202
478	-0.000201
479	-0.000200
480	-0.000199
481	-0.000198
482	-0.000197
483	-0.000195
484	-0.000195
485	-0.000193
486	-0.000193
487	-0.000191
488	-0.000191
489	-0.000189
490	-0.000188
491	-0.000187
492	-0.000186
493	-0.000185
494	-0.000184
495	-0.000182
496	-0.000182
497	-0.000180
498	-0.000180
499	-0.000179
500	-0.000178
501	-0.000177
502	-0.000175
503	-0.000175
504	-0.000173
505	-0.000173
506	-0.000171
507	-0.000171
508	-0.000170
509	-0.000168
510	-0.000168
511	-0.000166
512	-0.000166
513	-0.000165
514	-0.000164
515	-0.000163
516	-0.000162
517	-0.000161
518	-0.000161
519	-0.000159
520	-0.000159
521	-0.000158
522	-0.000157
523	-0.000156
524	-0.000156
525	-0.000154
526	-0.000154
527	-0.000152
528	-0.000152
529	-0.000151
530	-0.000150
531	-0.000149
532	-0.000149
533	-0.000147
534	-0.000147
535	-0.000146
536	-0.000145
537	-0.000144
538	-0.000144
539	-0.000142
540	-0.000142
541	-0.000141
542	-0.000141
543	-0.000139
544	-0.000139
545	-0.000138
546	-0.000137
547	-0.000136
548	-0.000136
549	-0.000135
550	-0.000134
551	-0.000134
552	-0.000133
553	-0.000132
554	-0.000131
555	-0.000131
556	-0.000129
557	-0.000129
558	-0.000128
559	-0.000128
560	-0.000126
561	-0.000126
562	-0.000126
563	-0.000125
564	-0.000124
565	-0.000123
566	-0.000123
567	-0.000122
568	-0.000121
569	-0.000120
570	-0.000120
571	-0.000120
572	-0.000118
573	-0.000118
574	-0.000117
575	-0.000117
576	-0.000116
577	-0.000115
578	-0.000115
579	-0.000114
580	-0.000114
581	-0.000112
582	-0.000112
583	-0.000111
584	-0.000111
585	-0.000111
586	-0.000109
587	-0.000109
588	-0.000108
589	-0.000108
590	-0.000108
591	-0.000106
592	-0.000106
593	-0.000105
594	-0.000105
595	-0.000105
596	-0.000103
597	-0.000103
598	-0.000102
599	-0.000102
600	-0.000102
601	-0.000101
602	-0.000100
603	-0.000099
604	-0.000099
605	-0.000099
606	-0.000098
607	-0.000098
608	-0.000096
609	-0.000096
610	-0.000096
611	-0.000095
612	-0.000095
613	-0.000095
614	-0.000093
615	-0.000093
616	-0.000092
617	-0.000092
618	-0.000092
619	-0.000091
620	-0.000091
621	-0.000090
622	-0.000089
623	-0.000089
624	-0.000089
625	-0.000088
626	-0.000088
627	-0.000087
628	-0.000086
629	-0.000086
630	-0.000085
631	-0.000085
632	-0.000085
633	-0.000084
634	-0.000084
635	-0.000084
636	-0.000083
637	-0.000082
638	-0.000082
639	-0.000081
640	-0.000081
641	-0.000081
642	-0.000080
643	-0.000080
644	-0.000079
645	-0.000079
646	-0.000078
647	-0.000078
648	-0.000077
649	-0.000077
650	-0.000077
651	-0.000076
652	-0.000076
653	-0.000076
654	-0.000075
655	-0.000074
656	-0.000074
657	-0.000073
658	-0.000073
659	-0.000073
660	-0.000072
661	-0.000072
662	-0.000072
663	-0.000071
664	-0.000071
665	-0.000071
666	-0.000070
667	-0.000069
668	-0.000069
669	-0.000069
670	-0.000068
671	-0.000068
672	-0.000068
673	-0.000067
674	-0.000067
675	-0.000067
676	-0.000066
677	-0.000066
678	-0.000066
679	-0.000065
680	-0.000065
681	-0.000064
682	-0.000064
683	-0.000064
684	-0.000063
685	-0.000063
686	-0.000063
687	-0.000062
688	-0.000062
689	-0.000062
690	-0.000061
691	-0.000061
692	-0.000061
693	-0.000061
694	-0.000060
695	-0.000060
696	-0.000059
697	-0.000059
698	-0.000058
699	-0.000058
700	-0.000058
701	-0.000057
702	-0.000057
703	-0.000057
704	-0.000057
705	-0.000056
706	-0.000056
707	-0.000056
708	-0.000055
709	-0.000055
710	-0.000055
711	-0.000055
712	-0.000054
713	-0.000054
714	-0.000054
715	-0.000054
716	-0.000053
717	-0.000053
718	-0.000053
719	-0.000052
720	-0.000052
721	-0.000051
722	-0.000051
723	-0.000051
724	-0.000050
725	-0.000050
726	-0.000050
727	-0.000050
728	-0.000049
729	-0.000049
730	-0.000049
731	-0.000049
732	-0.000048
733	-0.000048
734	-0.000048
735	-0.000048
736	-0.000047
737	-0.000047
738	-0.000047
739	-0.000047
740	-0.000047
741	-0.000046
742	-0.000046
743	-0.000046
744	-0.000046
745	-0.000045
746	-0.000045
747	-0.000045
748	-0.000045
749	-0.000044
750	-0.000044
751	-0.000044
752	-0.000044
753	-0.000044
754	-0.000043
755	-0.000043
756	-0.000043
757	-0.000043
758	-0.000042
759	-0.000042
760	-0.000042
761	-0.000042
762	-0.000041
763	-0.000041
764	-0.000041
765	-0.000041
766	-0.000040
767	-0.000040
768	-0.000040
769	-0.000040
770	-0.000039
771	-0.000039
772	-0.000039
773	-0.000039
774	-0.000039
775	-0.000038
776	-0.000038
777	-0.000038
778	-0.000038
779	-0.000038
780	-0.000037
781	-0.000037
782	-0.000037
783	-0.000037
784	-0.000037
785	-0.000036
786	-0.000036
787	-0.000036
788	-0.000036
789	-0.000036
790	-0.000035
791	-0.000035
792	-0.000035
793	-0.000035
794	-0.000035
795	-0.000034
796	-0.000034
797	-0.000034
798	-0.000034
799	-0.000034
800	-0.000034
801	-0.000033
802	-0.000033
803	-0.000033
804	-0.000033
805	-0.000033
806	-0.000033
807	-0.000032
808	-0.000032
809	-0.000032
810	-0.000032
811	-0.000032
812	-0.000031
813	-0.000031
814	-0.000031
815	-0.000031
816	-0.000031
817	-0.000031
818	-0.000030
819	-0.000030
820	-0.000030
821	-0.000030
822	-0.000030
823	-0.000030
824	-0.000029
825	-0.000029
826	-0.000029
827	-0.000029
828	-0.000029
829	-0.000028
830	-0.000028
831	-0.000028
832	-0.000028
833	-0.000028
834	-0.000028
835	-0.000027
836	-0.000027
837	-0.000027
838	-0.000027
839	-0.000027
840	-0.000027
841	-0.000026
842	-0.000026
843	-0.000026
844	-0.000026
845	-0.000026
846	-0.000026
847	-0.000026
848	-0.000025
849	-0.000025
850	-0.000025
851	-0.000025
852	-0.000025
853	-0.000025
854	-0.000025
855	-0.000025
856	-0.000025
857	-0.000024
858	-0.000024
859	-0.000024
860	-0.000024
861	-0.000024
862	-0.000024
863	-0.000024
864	-0.000024
865	-0.000024
866	-0.000023
867	-0.000023
868	-0.000023
869	-0.000023
870	-0.000023
871	-0.000023
872	-0.000023
873	-0.000022
874	-0.000022
875	-0.000022
876	-0.000022
877	-0.000022
878	-0.000022
879	-0.000022
880	-0.000021
881	-0.000021
882	-0.000021
883	-0.000021
884	-0.000021
885	-0.000021
886	-0.000021
887	-0.000021
888	-0.000020
889	-0.000020
890	-0.000020
891	-0.000020
892	-0.000020
893	-0.000020
894	-0.000020
895	-0.000020
896	-0.000020
897	-0.000020
898	-0.000020
899	-0.000020
900	-0.000019
901	-0.000019
902	-0.000019
903	-0.000019
904	-0.000019
905	-0.000019
906	-0.000019
907	-0.000019
908	-0.000019
909	-0.000018
910	-0.000018
911	-0.000018
912	-0.000018
913	-0.000018
914	-0.000018
915	-0.000018
916	-0.000018
917	-0.000017
918	-0.000017
919	-0.000017
920	-0.000017
921	-0.000017
922	-0.000017
923	-0.000017
924	-0.000017
925	-0.000017
926	-0.000017
927	-0.000017
928	-0.000017
929	-0.000017
930	-0.000017
931	-0.000016
932	-0.000016
933	-0.000016
934	-0.000016
935	-0.000016
936	-0.000016
937	-0.000016
938	-0.000016
939	-0.000016
940	-0.000016
941	-0.000016
942	-0.000015
943	-0.000015
944	-0.000015
945	-0.000015
946	-0.000015
947	-0.000015
948	-0.000015
949	-0.000015
950	-0.000015
951	-0.000014
952	-0.000014
953	-0.000014
954	-0.000014
955	-0.000014
956	-0.000014
957	-0.000014
958	-0.000014
959	-0.000014
960	-0.000014
961	-0.000014
962	-0.000014
963	-0.000014
964	-0.000014
965	-0.000014
966	-0.000014
967	-0.000014
968	-0.000014
969	-0.000013
970	-0.000013
971	-0.000013
972	-0.000013
973	-0.000013
974	-0.000013
975	-0.000013
976	-0.000013
977	-0.000013
978	-0.000013
979	-0.000012
980	-0.000012
981	-0.000012
982	-0.000012
983	-0.000012
984	-0.000012
985	-0.000012
986	-0.000012
987	-0.000012
988	-0.000012
989	-0.000012
990	-0.000012
991	-0.000012
992	-0.000012
993	-0.000012
994	-0.000012
995	-0.000012
996	-0.000012
997	-0.000012
998	-0.000011
999	-0.000011
1000	-0.000011
1001	-0.000011
1002	-0.000011
1003	-0.000011
1004	-0.000011
1005	-0.000011
1006	-0.000011
1007	-0.000011
1008	-0.000011
1009	-0.000011
1010	-0.000011
1011	-0.000011
1012	-0.000010
1013	-0.000010
1014	-0.000010
1015	-0.000010
1016	-0.000010
1017	-0.000010
1018	-0.000010
1019	-0.000010
1020	-0.000010
1021	-0.000010
1022	-0.000010
1023	-0.000010
